---------------------------------------------------------------------------------------------------------------------------------
      name:  <unnamed>
       log:  ...mixed_model_RT.log
  log type:  text
 opened on:   7 Nov 2018, 17:05:41

. use "[HIDDEN PATH]\dataset_mixed_model_RT.dta", clear

. xtmixed RT diff_SV H ||id:

Performing EM optimization: 

Performing gradient-based optimization: 

Iteration 0:   log likelihood = -3509.1868  
Iteration 1:   log likelihood = -3509.1868  

Computing standard errors:

Mixed-effects ML regression                     Number of obs      =       480
Group variable: id                              Number of groups   =        24

                                                Obs per group: min =        20
                                                               avg =      20.0
                                                               max =        20


                                                Wald chi2(2)       =    154.72
Log likelihood = -3509.1868                     Prob > chi2        =    0.0000

------------------------------------------------------------------------------
          RT |      Coef.   Std. Err.      z    P>|z|     [95% Conf. Interval]
-------------+----------------------------------------------------------------
     diff_SV |  -79.43004   12.16896    -6.53   0.000    -103.2808   -55.57932
           H |   383.4099   46.30513     8.28   0.000     292.6535    474.1663
       _cons |   2301.321   103.7214    22.19   0.000     2098.031    2504.611
------------------------------------------------------------------------------

------------------------------------------------------------------------------
  Random-effects Parameters  |   Estimate   Std. Err.     [95% Conf. Interval]
-----------------------------+------------------------------------------------
id: Identity                 |
                   sd(_cons) |   493.2781   72.78741       369.394    658.7095
-----------------------------+------------------------------------------------
                sd(Residual) |     329.04   10.89563      308.3631    351.1032
------------------------------------------------------------------------------
LR test vs. linear regression: chibar2(01) =   472.79 Prob >= chibar2 = 0.0000

. estat ic

-----------------------------------------------------------------------------
       Model |    Obs    ll(null)   ll(model)     df          AIC         BIC
-------------+---------------------------------------------------------------
           . |    480           .   -3509.187      5     7028.374    7049.243
-----------------------------------------------------------------------------
               Note:  N=Obs used in calculating BIC; see [R] BIC note

. log close
      name:  <unnamed>
       log:  ...mixed_model_RT.log
  log type:  text
 closed on:   7 Nov 2018, 17:06:04
---------------------------------------------------------------------------------------------------------------------------------
